#-----------------------------------------------------------
# Vivado v2018.2 (64-bit)
# SW Build 2258646 on Thu Jun 14 20:03:12 MDT 2018
# IP Build 2256618 on Thu Jun 14 22:10:49 MDT 2018
# Start of session at: Thu Nov 19 13:07:52 2020
# Process ID: 22308
# Current directory: C:/Users/student/Desktop/DS Project/ssim_module
# Command line: vivado.exe -gui_launcher_event rodinguilauncherevent21264 C:\Users\student\Desktop\DS Project\ssim_module\ssim_module.xpr
# Log file: C:/Users/student/Desktop/DS Project/ssim_module/vivado.log
# Journal file: C:/Users/student/Desktop/DS Project/ssim_module\vivado.jou
#-----------------------------------------------------------
start_gui
open_project {C:/Users/student/Desktop/DS Project/ssim_module/ssim_module.xpr}
Scanning sources...
Finished scanning sources
INFO: [IP_Flow 19-234] Refreshing IP repositories
INFO: [IP_Flow 19-1704] No user IP repositories specified
INFO: [IP_Flow 19-2313] Loaded Vivado IP repository 'C:/Xilinx/Vivado/2018.2/data/ip'.
open_project: Time (s): cpu = 00:00:09 ; elapsed = 00:00:06 . Memory (MB): peak = 873.992 ; gain = 136.234
close_project
exit
INFO: [Common 17-206] Exiting Vivado at Thu Nov 19 13:08:30 2020...
